2018-10-18 21:51:57.868 [restartedMain] INFO  com.zhkj.demo.DemoApplication -
				Starting DemoApplication on LZZVGF61NJPE8MA with PID 3824 (D:\idea_workspace\zhkj102\ZHKJ102\target\classes started by æ®‹å¤œ in D:\idea_workspace\zhkj102\ZHKJ102)
2018-10-18 21:51:57.870 [restartedMain] INFO  com.zhkj.demo.DemoApplication -
				No active profile set, falling back to default profiles: default
2018-10-18 21:51:58.159 [restartedMain] INFO  o.s.b.w.s.c.AnnotationConfigServletWebServerApplicationContext -
				Refreshing org.springframework.boot.web.servlet.context.AnnotationConfigServletWebServerApplicationContext@56381ac: startup date [Thu Oct 18 21:51:58 CST 2018]; root of context hierarchy
2018-10-18 21:51:58.962 [restartedMain] WARN  org.mybatis.spring.mapper.ClassPathMapperScanner -
				No MyBatis mapper was found in '[com.zhkj.demo]' package. Please check your configuration.
2018-10-18 21:51:59.077 [restartedMain] WARN  o.s.context.annotation.ConfigurationClassPostProcessor -
				Cannot enhance @Configuration bean definition 'myBatisMapperScannerConfig' since its singleton instance has been created too early. The typical cause is a non-static @Bean method with a BeanDefinitionRegistryPostProcessor return type: Consider declaring such methods as 'static'.
2018-10-18 21:52:00.217 [restartedMain] INFO  o.s.boot.web.embedded.tomcat.TomcatWebServer -
				Tomcat initialized with port(s): 8000 (http)
2018-10-18 21:52:00.231 [restartedMain] INFO  org.apache.coyote.http11.Http11NioProtocol -
				Initializing ProtocolHandler ["http-nio-8000"]
2018-10-18 21:52:00.243 [restartedMain] INFO  org.apache.catalina.core.StandardService -
				Starting service [Tomcat]
2018-10-18 21:52:00.244 [restartedMain] INFO  org.apache.catalina.core.StandardEngine -
				Starting Servlet Engine: Apache Tomcat/8.5.34
2018-10-18 21:52:00.265 [localhost-startStop-1] INFO  org.apache.catalina.core.AprLifecycleListener -
				The APR based Apache Tomcat Native library which allows optimal performance in production environments was not found on the java.library.path: [D:\JDK\bin;C:\Windows\Sun\Java\bin;C:\Windows\system32;C:\Windows;D:\Android\sdk\tools\platform-tools;D:\JDK\bin;D:\oracle\app\oracle\product\10.2.0\server\bin;C:\Program Files\WIDCOMM\Bluetooth Software\;C:\Program Files\WIDCOMM\Bluetooth Software\syswow64;;C:\Windows\system32;C:\Windows;C:\Windows\system32\wbem;D:\WAMP\wamp64\bin\php\php5.6.31;C:\ProgramData\ComposerSetup\bin;C:\Program Files\Common Files\Microsoft Shared\Windows Live;D:\WAMP\wamp64\bin\mysql\mysql5.7.14/bin;D:\apache-maven-3.5.2-bin\apache-maven-3.5.2\bin;D:\PHP\php-5.6.34-Win32-VC11-x64\ext;C:\Users\Administrator\AppData\Roaming\Composer\vendor\bin;.]
2018-10-18 21:52:00.355 [localhost-startStop-1] INFO  o.a.c.core.ContainerBase.[Tomcat].[localhost].[/] -
				Initializing Spring embedded WebApplicationContext
2018-10-18 21:52:00.355 [localhost-startStop-1] INFO  org.springframework.web.context.ContextLoader -
				Root WebApplicationContext: initialization completed in 2196 ms
2018-10-18 21:52:00.423 [localhost-startStop-1] INFO  o.s.boot.web.servlet.ServletRegistrationBean -
				Servlet dispatcherServlet mapped to [/]
2018-10-18 21:52:00.427 [localhost-startStop-1] INFO  o.s.boot.web.servlet.FilterRegistrationBean -
				Mapping filter: 'characterEncodingFilter' to: [/*]
2018-10-18 21:52:00.428 [localhost-startStop-1] INFO  o.s.boot.web.servlet.FilterRegistrationBean -
				Mapping filter: 'hiddenHttpMethodFilter' to: [/*]
2018-10-18 21:52:00.428 [localhost-startStop-1] INFO  o.s.boot.web.servlet.FilterRegistrationBean -
				Mapping filter: 'httpPutFormContentFilter' to: [/*]
2018-10-18 21:52:00.428 [localhost-startStop-1] INFO  o.s.boot.web.servlet.FilterRegistrationBean -
				Mapping filter: 'requestContextFilter' to: [/*]
2018-10-18 21:52:00.739 [restartedMain] INFO  o.s.web.servlet.handler.SimpleUrlHandlerMapping -
				Mapped URL path [/**/favicon.ico] onto handler of type [class org.springframework.web.servlet.resource.ResourceHttpRequestHandler]
2018-10-18 21:52:01.068 [restartedMain] INFO  o.s.w.s.m.m.annotation.RequestMappingHandlerAdapter -
				Looking for @ControllerAdvice: org.springframework.boot.web.servlet.context.AnnotationConfigServletWebServerApplicationContext@56381ac: startup date [Thu Oct 18 21:51:58 CST 2018]; root of context hierarchy
2018-10-18 21:52:01.120 [restartedMain] INFO  o.s.w.s.m.m.annotation.RequestMappingHandlerMapping -
				Mapped "{[/fileDownLoadScout.action],methods=[GET]}" onto public org.springframework.http.ResponseEntity<byte[]> com.zhkj.demo.controller.DownLoadController.textFileDownloadScout() throws java.lang.Exception
2018-10-18 21:52:01.121 [restartedMain] INFO  o.s.w.s.m.m.annotation.RequestMappingHandlerMapping -
				Mapped "{[/fileDownLoad.action],methods=[GET]}" onto public org.springframework.http.ResponseEntity<byte[]> com.zhkj.demo.controller.DownLoadController.textFileDownload() throws java.lang.Exception
2018-10-18 21:52:01.122 [restartedMain] INFO  o.s.w.s.m.m.annotation.RequestMappingHandlerMapping -
				Mapped "{[/huoqu]}" onto public org.springframework.web.servlet.ModelAndView com.zhkj.demo.controller.huoquController.voteList()
2018-10-18 21:52:01.124 [restartedMain] INFO  o.s.w.s.m.m.annotation.RequestMappingHandlerMapping -
				Mapped "{[/showAnchor]}" onto public org.springframework.web.servlet.ModelAndView com.zhkj.demo.controller.showanchorlistController.anchorlist(int)
2018-10-18 21:52:01.125 [restartedMain] INFO  o.s.w.s.m.m.annotation.RequestMappingHandlerMapping -
				Mapped "{[/fileUpLoad.action]}" onto public org.springframework.http.ResponseEntity com.zhkj.demo.controller.UploadController.upLoadFile(org.springframework.web.multipart.MultipartFile) throws java.lang.IllegalStateException,java.io.IOException
2018-10-18 21:52:01.125 [restartedMain] INFO  o.s.w.s.m.m.annotation.RequestMappingHandlerMapping -
				Mapped "{[/fileUpLoadScout.action]}" onto public org.springframework.http.ResponseEntity com.zhkj.demo.controller.UploadController.upLoadFileScout(org.springframework.web.multipart.MultipartFile) throws java.lang.IllegalStateException,java.io.IOException
2018-10-18 21:52:01.125 [restartedMain] INFO  o.s.w.s.m.m.annotation.RequestMappingHandlerMapping -
				Mapped "{[/vote],methods=[POST]}" onto public java.util.Map com.zhkj.demo.controller.voteController.vnum(int)
2018-10-18 21:52:01.128 [restartedMain] INFO  o.s.w.s.m.m.annotation.RequestMappingHandlerMapping -
				Mapped "{[/error]}" onto public org.springframework.http.ResponseEntity<java.util.Map<java.lang.String, java.lang.Object>> org.springframework.boot.autoconfigure.web.servlet.error.BasicErrorController.error(javax.servlet.http.HttpServletRequest)
2018-10-18 21:52:01.129 [restartedMain] INFO  o.s.w.s.m.m.annotation.RequestMappingHandlerMapping -
				Mapped "{[/error],produces=[text/html]}" onto public org.springframework.web.servlet.ModelAndView org.springframework.boot.autoconfigure.web.servlet.error.BasicErrorController.errorHtml(javax.servlet.http.HttpServletRequest,javax.servlet.http.HttpServletResponse)
2018-10-18 21:52:01.139 [restartedMain] INFO  o.s.web.servlet.handler.SimpleUrlHandlerMapping -
				Root mapping to handler of type [class org.springframework.web.servlet.mvc.ParameterizableViewController]
2018-10-18 21:52:01.151 [restartedMain] INFO  o.s.web.servlet.handler.SimpleUrlHandlerMapping -
				Mapped URL path [/webjars/**] onto handler of type [class org.springframework.web.servlet.resource.ResourceHttpRequestHandler]
2018-10-18 21:52:01.152 [restartedMain] INFO  o.s.web.servlet.handler.SimpleUrlHandlerMapping -
				Mapped URL path [/**] onto handler of type [class org.springframework.web.servlet.resource.ResourceHttpRequestHandler]
2018-10-18 21:52:01.255 [restartedMain] INFO  o.s.b.a.web.servlet.WelcomePageHandlerMapping -
				Adding welcome page: class path resource [static/index.html]
2018-10-18 21:52:01.539 [restartedMain] INFO  o.s.b.devtools.autoconfigure.OptionalLiveReloadServer -
				LiveReload server is running on port 35729
2018-10-18 21:52:01.577 [restartedMain] INFO  o.s.jmx.export.annotation.AnnotationMBeanExporter -
				Registering beans for JMX exposure on startup
2018-10-18 21:52:01.579 [restartedMain] INFO  o.s.jmx.export.annotation.AnnotationMBeanExporter -
				Bean with name 'dataSource' has been autodetected for JMX exposure
2018-10-18 21:52:01.585 [restartedMain] INFO  o.s.jmx.export.annotation.AnnotationMBeanExporter -
				Located MBean 'dataSource': registering with JMX server as MBean [com.alibaba.druid.pool:name=dataSource,type=DruidDataSource]
2018-10-18 21:52:01.600 [restartedMain] INFO  org.apache.coyote.http11.Http11NioProtocol -
				Starting ProtocolHandler ["http-nio-8000"]
2018-10-18 21:52:01.610 [restartedMain] INFO  org.apache.tomcat.util.net.NioSelectorPool -
				Using a shared selector for servlet write/read
2018-10-18 21:52:01.625 [restartedMain] INFO  o.s.boot.web.embedded.tomcat.TomcatWebServer -
				Tomcat started on port(s): 8000 (http) with context path ''
2018-10-18 21:52:01.630 [restartedMain] INFO  com.zhkj.demo.DemoApplication -
				Started DemoApplication in 4.603 seconds (JVM running for 6.172)
2018-10-18 21:52:27.294 [Thread-15] INFO  o.s.b.w.s.c.AnnotationConfigServletWebServerApplicationContext -
				Closing org.springframework.boot.web.servlet.context.AnnotationConfigServletWebServerApplicationContext@56381ac: startup date [Thu Oct 18 21:51:58 CST 2018]; root of context hierarchy
2018-10-18 21:52:27.303 [Thread-15] INFO  o.s.jmx.export.annotation.AnnotationMBeanExporter -
				Unregistering JMX-exposed beans on shutdown
2018-10-18 21:52:27.305 [Thread-15] INFO  o.s.jmx.export.annotation.AnnotationMBeanExporter -
				Unregistering JMX-exposed beans
2018-10-18 21:52:34.193 [main] INFO  com.zhkj.demo.DemoApplicationTests -
				Starting DemoApplicationTests on LZZVGF61NJPE8MA with PID 12688 (started by ²ÐÒ¹ in D:\idea_workspace\zhkj102\ZHKJ102)
2018-10-18 21:52:34.198 [main] INFO  com.zhkj.demo.DemoApplicationTests -
				No active profile set, falling back to default profiles: default
2018-10-18 21:52:34.282 [main] INFO  o.s.web.context.support.GenericWebApplicationContext -
				Refreshing org.springframework.web.context.support.GenericWebApplicationContext@27adc16e: startup date [Thu Oct 18 21:52:34 CST 2018]; root of context hierarchy
2018-10-18 21:52:35.301 [main] WARN  org.mybatis.spring.mapper.ClassPathMapperScanner -
				No MyBatis mapper was found in '[com.zhkj.demo]' package. Please check your configuration.
2018-10-18 21:52:35.664 [main] WARN  o.s.context.annotation.ConfigurationClassPostProcessor -
				Cannot enhance @Configuration bean definition 'myBatisMapperScannerConfig' since its singleton instance has been created too early. The typical cause is a non-static @Bean method with a BeanDefinitionRegistryPostProcessor return type: Consider declaring such methods as 'static'.
2018-10-18 21:52:37.909 [main] INFO  o.s.web.servlet.handler.SimpleUrlHandlerMapping -
				Mapped URL path [/**/favicon.ico] onto handler of type [class org.springframework.web.servlet.resource.ResourceHttpRequestHandler]
2018-10-18 21:52:38.159 [main] INFO  o.s.w.s.m.m.annotation.RequestMappingHandlerAdapter -
				Looking for @ControllerAdvice: org.springframework.web.context.support.GenericWebApplicationContext@27adc16e: startup date [Thu Oct 18 21:52:34 CST 2018]; root of context hierarchy
2018-10-18 21:52:38.298 [main] INFO  o.s.w.s.m.m.annotation.RequestMappingHandlerMapping -
				Mapped "{[/fileDownLoad.action],methods=[GET]}" onto public org.springframework.http.ResponseEntity<byte[]> com.zhkj.demo.controller.DownLoadController.textFileDownload() throws java.lang.Exception
2018-10-18 21:52:38.300 [main] INFO  o.s.w.s.m.m.annotation.RequestMappingHandlerMapping -
				Mapped "{[/fileDownLoadScout.action],methods=[GET]}" onto public org.springframework.http.ResponseEntity<byte[]> com.zhkj.demo.controller.DownLoadController.textFileDownloadScout() throws java.lang.Exception
2018-10-18 21:52:38.301 [main] INFO  o.s.w.s.m.m.annotation.RequestMappingHandlerMapping -
				Mapped "{[/huoqu]}" onto public org.springframework.web.servlet.ModelAndView com.zhkj.demo.controller.huoquController.voteList()
2018-10-18 21:52:38.302 [main] INFO  o.s.w.s.m.m.annotation.RequestMappingHandlerMapping -
				Mapped "{[/showAnchor]}" onto public org.springframework.web.servlet.ModelAndView com.zhkj.demo.controller.showanchorlistController.anchorlist(int)
2018-10-18 21:52:38.303 [main] INFO  o.s.w.s.m.m.annotation.RequestMappingHandlerMapping -
				Mapped "{[/fileUpLoad.action]}" onto public org.springframework.http.ResponseEntity com.zhkj.demo.controller.UploadController.upLoadFile(org.springframework.web.multipart.MultipartFile) throws java.lang.IllegalStateException,java.io.IOException
2018-10-18 21:52:38.304 [main] INFO  o.s.w.s.m.m.annotation.RequestMappingHandlerMapping -
				Mapped "{[/fileUpLoadScout.action]}" onto public org.springframework.http.ResponseEntity com.zhkj.demo.controller.UploadController.upLoadFileScout(org.springframework.web.multipart.MultipartFile) throws java.lang.IllegalStateException,java.io.IOException
2018-10-18 21:52:38.305 [main] INFO  o.s.w.s.m.m.annotation.RequestMappingHandlerMapping -
				Mapped "{[/vote],methods=[POST]}" onto public java.util.Map com.zhkj.demo.controller.voteController.vnum(int)
2018-10-18 21:52:38.315 [main] INFO  o.s.w.s.m.m.annotation.RequestMappingHandlerMapping -
				Mapped "{[/error]}" onto public org.springframework.http.ResponseEntity<java.util.Map<java.lang.String, java.lang.Object>> org.springframework.boot.autoconfigure.web.servlet.error.BasicErrorController.error(javax.servlet.http.HttpServletRequest)
2018-10-18 21:52:38.319 [main] INFO  o.s.w.s.m.m.annotation.RequestMappingHandlerMapping -
				Mapped "{[/error],produces=[text/html]}" onto public org.springframework.web.servlet.ModelAndView org.springframework.boot.autoconfigure.web.servlet.error.BasicErrorController.errorHtml(javax.servlet.http.HttpServletRequest,javax.servlet.http.HttpServletResponse)
2018-10-18 21:52:38.364 [main] INFO  o.s.web.servlet.handler.SimpleUrlHandlerMapping -
				Root mapping to handler of type [class org.springframework.web.servlet.mvc.ParameterizableViewController]
2018-10-18 21:52:38.424 [main] INFO  o.s.web.servlet.handler.SimpleUrlHandlerMapping -
				Mapped URL path [/webjars/**] onto handler of type [class org.springframework.web.servlet.resource.ResourceHttpRequestHandler]
2018-10-18 21:52:38.425 [main] INFO  o.s.web.servlet.handler.SimpleUrlHandlerMapping -
				Mapped URL path [/**] onto handler of type [class org.springframework.web.servlet.resource.ResourceHttpRequestHandler]
2018-10-18 21:52:38.768 [main] INFO  o.s.b.a.web.servlet.WelcomePageHandlerMapping -
				Adding welcome page: class path resource [static/index.html]
2018-10-18 21:52:39.288 [main] INFO  com.zhkj.demo.DemoApplicationTests -
				Started DemoApplicationTests in 6.388 seconds (JVM running for 8.28)
2018-10-18 21:52:39.557 [Thread-3] INFO  o.s.web.context.support.GenericWebApplicationContext -
				Closing org.springframework.web.context.support.GenericWebApplicationContext@27adc16e: startup date [Thu Oct 18 21:52:34 CST 2018]; root of context hierarchy
2018-10-18 21:52:55.729 [restartedMain] INFO  com.zhkj.demo.DemoApplication -
				Starting DemoApplication on LZZVGF61NJPE8MA with PID 11604 (D:\idea_workspace\zhkj102\ZHKJ102\target\classes started by æ®‹å¤œ in D:\idea_workspace\zhkj102\ZHKJ102)
2018-10-18 21:52:55.731 [restartedMain] INFO  com.zhkj.demo.DemoApplication -
				No active profile set, falling back to default profiles: default
2018-10-18 21:52:56.121 [restartedMain] INFO  o.s.b.w.s.c.AnnotationConfigServletWebServerApplicationContext -
				Refreshing org.springframework.boot.web.servlet.context.AnnotationConfigServletWebServerApplicationContext@581242d6: startup date [Thu Oct 18 21:52:56 CST 2018]; root of context hierarchy
2018-10-18 21:52:57.125 [restartedMain] WARN  org.mybatis.spring.mapper.ClassPathMapperScanner -
				No MyBatis mapper was found in '[com.zhkj.demo]' package. Please check your configuration.
2018-10-18 21:52:57.251 [restartedMain] WARN  o.s.context.annotation.ConfigurationClassPostProcessor -
				Cannot enhance @Configuration bean definition 'myBatisMapperScannerConfig' since its singleton instance has been created too early. The typical cause is a non-static @Bean method with a BeanDefinitionRegistryPostProcessor return type: Consider declaring such methods as 'static'.
2018-10-18 21:52:58.124 [restartedMain] INFO  o.s.boot.web.embedded.tomcat.TomcatWebServer -
				Tomcat initialized with port(s): 8000 (http)
2018-10-18 21:52:58.138 [restartedMain] INFO  org.apache.coyote.http11.Http11NioProtocol -
				Initializing ProtocolHandler ["http-nio-8000"]
2018-10-18 21:52:58.169 [restartedMain] INFO  org.apache.catalina.core.StandardService -
				Starting service [Tomcat]
2018-10-18 21:52:58.169 [restartedMain] INFO  org.apache.catalina.core.StandardEngine -
				Starting Servlet Engine: Apache Tomcat/8.5.34
2018-10-18 21:52:58.174 [localhost-startStop-1] INFO  org.apache.catalina.core.AprLifecycleListener -
				The APR based Apache Tomcat Native library which allows optimal performance in production environments was not found on the java.library.path: [D:\JDK\bin;C:\Windows\Sun\Java\bin;C:\Windows\system32;C:\Windows;D:\Android\sdk\tools\platform-tools;D:\JDK\bin;D:\oracle\app\oracle\product\10.2.0\server\bin;C:\Program Files\WIDCOMM\Bluetooth Software\;C:\Program Files\WIDCOMM\Bluetooth Software\syswow64;;C:\Windows\system32;C:\Windows;C:\Windows\system32\wbem;D:\WAMP\wamp64\bin\php\php5.6.31;C:\ProgramData\ComposerSetup\bin;C:\Program Files\Common Files\Microsoft Shared\Windows Live;D:\WAMP\wamp64\bin\mysql\mysql5.7.14/bin;D:\apache-maven-3.5.2-bin\apache-maven-3.5.2\bin;D:\PHP\php-5.6.34-Win32-VC11-x64\ext;C:\Users\Administrator\AppData\Roaming\Composer\vendor\bin;.]
2018-10-18 21:52:58.264 [localhost-startStop-1] INFO  o.a.c.core.ContainerBase.[Tomcat].[localhost].[/] -
				Initializing Spring embedded WebApplicationContext
2018-10-18 21:52:58.264 [localhost-startStop-1] INFO  org.springframework.web.context.ContextLoader -
				Root WebApplicationContext: initialization completed in 2143 ms
2018-10-18 21:52:58.334 [localhost-startStop-1] INFO  o.s.boot.web.servlet.ServletRegistrationBean -
				Servlet dispatcherServlet mapped to [/]
2018-10-18 21:52:58.339 [localhost-startStop-1] INFO  o.s.boot.web.servlet.FilterRegistrationBean -
				Mapping filter: 'characterEncodingFilter' to: [/*]
2018-10-18 21:52:58.339 [localhost-startStop-1] INFO  o.s.boot.web.servlet.FilterRegistrationBean -
				Mapping filter: 'hiddenHttpMethodFilter' to: [/*]
2018-10-18 21:52:58.339 [localhost-startStop-1] INFO  o.s.boot.web.servlet.FilterRegistrationBean -
				Mapping filter: 'httpPutFormContentFilter' to: [/*]
2018-10-18 21:52:58.339 [localhost-startStop-1] INFO  o.s.boot.web.servlet.FilterRegistrationBean -
				Mapping filter: 'requestContextFilter' to: [/*]
2018-10-18 21:52:58.671 [restartedMain] INFO  o.s.web.servlet.handler.SimpleUrlHandlerMapping -
				Mapped URL path [/**/favicon.ico] onto handler of type [class org.springframework.web.servlet.resource.ResourceHttpRequestHandler]
2018-10-18 21:52:58.990 [restartedMain] INFO  o.s.w.s.m.m.annotation.RequestMappingHandlerAdapter -
				Looking for @ControllerAdvice: org.springframework.boot.web.servlet.context.AnnotationConfigServletWebServerApplicationContext@581242d6: startup date [Thu Oct 18 21:52:56 CST 2018]; root of context hierarchy
2018-10-18 21:52:59.042 [restartedMain] INFO  o.s.w.s.m.m.annotation.RequestMappingHandlerMapping -
				Mapped "{[/fileDownLoadScout.action],methods=[GET]}" onto public org.springframework.http.ResponseEntity<byte[]> com.zhkj.demo.controller.DownLoadController.textFileDownloadScout() throws java.lang.Exception
2018-10-18 21:52:59.043 [restartedMain] INFO  o.s.w.s.m.m.annotation.RequestMappingHandlerMapping -
				Mapped "{[/fileDownLoad.action],methods=[GET]}" onto public org.springframework.http.ResponseEntity<byte[]> com.zhkj.demo.controller.DownLoadController.textFileDownload() throws java.lang.Exception
2018-10-18 21:52:59.044 [restartedMain] INFO  o.s.w.s.m.m.annotation.RequestMappingHandlerMapping -
				Mapped "{[/huoqu]}" onto public org.springframework.web.servlet.ModelAndView com.zhkj.demo.controller.huoquController.voteList()
2018-10-18 21:52:59.045 [restartedMain] INFO  o.s.w.s.m.m.annotation.RequestMappingHandlerMapping -
				Mapped "{[/showAnchor]}" onto public org.springframework.web.servlet.ModelAndView com.zhkj.demo.controller.showanchorlistController.anchorlist(int)
2018-10-18 21:52:59.046 [restartedMain] INFO  o.s.w.s.m.m.annotation.RequestMappingHandlerMapping -
				Mapped "{[/fileUpLoad.action]}" onto public org.springframework.http.ResponseEntity com.zhkj.demo.controller.UploadController.upLoadFile(org.springframework.web.multipart.MultipartFile) throws java.lang.IllegalStateException,java.io.IOException
2018-10-18 21:52:59.046 [restartedMain] INFO  o.s.w.s.m.m.annotation.RequestMappingHandlerMapping -
				Mapped "{[/fileUpLoadScout.action]}" onto public org.springframework.http.ResponseEntity com.zhkj.demo.controller.UploadController.upLoadFileScout(org.springframework.web.multipart.MultipartFile) throws java.lang.IllegalStateException,java.io.IOException
2018-10-18 21:52:59.047 [restartedMain] INFO  o.s.w.s.m.m.annotation.RequestMappingHandlerMapping -
				Mapped "{[/vote],methods=[POST]}" onto public java.util.Map com.zhkj.demo.controller.voteController.vnum(int)
2018-10-18 21:52:59.049 [restartedMain] INFO  o.s.w.s.m.m.annotation.RequestMappingHandlerMapping -
				Mapped "{[/error]}" onto public org.springframework.http.ResponseEntity<java.util.Map<java.lang.String, java.lang.Object>> org.springframework.boot.autoconfigure.web.servlet.error.BasicErrorController.error(javax.servlet.http.HttpServletRequest)
2018-10-18 21:52:59.050 [restartedMain] INFO  o.s.w.s.m.m.annotation.RequestMappingHandlerMapping -
				Mapped "{[/error],produces=[text/html]}" onto public org.springframework.web.servlet.ModelAndView org.springframework.boot.autoconfigure.web.servlet.error.BasicErrorController.errorHtml(javax.servlet.http.HttpServletRequest,javax.servlet.http.HttpServletResponse)
2018-10-18 21:52:59.061 [restartedMain] INFO  o.s.web.servlet.handler.SimpleUrlHandlerMapping -
				Root mapping to handler of type [class org.springframework.web.servlet.mvc.ParameterizableViewController]
2018-10-18 21:52:59.077 [restartedMain] INFO  o.s.web.servlet.handler.SimpleUrlHandlerMapping -
				Mapped URL path [/webjars/**] onto handler of type [class org.springframework.web.servlet.resource.ResourceHttpRequestHandler]
2018-10-18 21:52:59.077 [restartedMain] INFO  o.s.web.servlet.handler.SimpleUrlHandlerMapping -
				Mapped URL path [/**] onto handler of type [class org.springframework.web.servlet.resource.ResourceHttpRequestHandler]
2018-10-18 21:52:59.182 [restartedMain] INFO  o.s.b.a.web.servlet.WelcomePageHandlerMapping -
				Adding welcome page: class path resource [static/index.html]
2018-10-18 21:52:59.667 [restartedMain] INFO  o.s.b.devtools.autoconfigure.OptionalLiveReloadServer -
				LiveReload server is running on port 35729
2018-10-18 21:52:59.739 [restartedMain] INFO  o.s.jmx.export.annotation.AnnotationMBeanExporter -
				Registering beans for JMX exposure on startup
2018-10-18 21:52:59.741 [restartedMain] INFO  o.s.jmx.export.annotation.AnnotationMBeanExporter -
				Bean with name 'dataSource' has been autodetected for JMX exposure
2018-10-18 21:52:59.748 [restartedMain] INFO  o.s.jmx.export.annotation.AnnotationMBeanExporter -
				Located MBean 'dataSource': registering with JMX server as MBean [com.alibaba.druid.pool:name=dataSource,type=DruidDataSource]
2018-10-18 21:52:59.761 [restartedMain] INFO  org.apache.coyote.http11.Http11NioProtocol -
				Starting ProtocolHandler ["http-nio-8000"]
2018-10-18 21:52:59.770 [restartedMain] INFO  org.apache.tomcat.util.net.NioSelectorPool -
				Using a shared selector for servlet write/read
2018-10-18 21:52:59.786 [restartedMain] INFO  o.s.boot.web.embedded.tomcat.TomcatWebServer -
				Tomcat started on port(s): 8000 (http) with context path ''
2018-10-18 21:52:59.791 [restartedMain] INFO  com.zhkj.demo.DemoApplication -
				Started DemoApplication in 4.923 seconds (JVM running for 6.319)
2018-10-18 21:54:00.199 [restartedMain] INFO  com.zhkj.demo.DemoApplication -
				Starting DemoApplication on LZZVGF61NJPE8MA with PID 10168 (D:\idea_workspace\zhkj102\ZHKJ102\target\classes started by æ®‹å¤œ in D:\idea_workspace\zhkj102\ZHKJ102)
2018-10-18 21:54:00.201 [restartedMain] INFO  com.zhkj.demo.DemoApplication -
				No active profile set, falling back to default profiles: default
2018-10-18 21:54:00.262 [restartedMain] INFO  o.s.b.w.s.c.AnnotationConfigServletWebServerApplicationContext -
				Refreshing org.springframework.boot.web.servlet.context.AnnotationConfigServletWebServerApplicationContext@1988552b: startup date [Thu Oct 18 21:54:00 CST 2018]; root of context hierarchy
2018-10-18 21:54:01.119 [restartedMain] WARN  org.mybatis.spring.mapper.ClassPathMapperScanner -
				No MyBatis mapper was found in '[com.zhkj.demo]' package. Please check your configuration.
2018-10-18 21:54:01.258 [restartedMain] WARN  o.s.context.annotation.ConfigurationClassPostProcessor -
				Cannot enhance @Configuration bean definition 'myBatisMapperScannerConfig' since its singleton instance has been created too early. The typical cause is a non-static @Bean method with a BeanDefinitionRegistryPostProcessor return type: Consider declaring such methods as 'static'.
2018-10-18 21:54:02.191 [restartedMain] INFO  o.s.boot.web.embedded.tomcat.TomcatWebServer -
				Tomcat initialized with port(s): 8000 (http)
2018-10-18 21:54:02.206 [restartedMain] INFO  org.apache.coyote.http11.Http11NioProtocol -
				Initializing ProtocolHandler ["http-nio-8000"]
2018-10-18 21:54:02.223 [restartedMain] INFO  org.apache.catalina.core.StandardService -
				Starting service [Tomcat]
2018-10-18 21:54:02.223 [restartedMain] INFO  org.apache.catalina.core.StandardEngine -
				Starting Servlet Engine: Apache Tomcat/8.5.34
2018-10-18 21:54:02.227 [localhost-startStop-1] INFO  org.apache.catalina.core.AprLifecycleListener -
				The APR based Apache Tomcat Native library which allows optimal performance in production environments was not found on the java.library.path: [D:\JDK\bin;C:\Windows\Sun\Java\bin;C:\Windows\system32;C:\Windows;D:\Android\sdk\tools\platform-tools;D:\JDK\bin;D:\oracle\app\oracle\product\10.2.0\server\bin;C:\Program Files\WIDCOMM\Bluetooth Software\;C:\Program Files\WIDCOMM\Bluetooth Software\syswow64;;C:\Windows\system32;C:\Windows;C:\Windows\system32\wbem;D:\WAMP\wamp64\bin\php\php5.6.31;C:\ProgramData\ComposerSetup\bin;C:\Program Files\Common Files\Microsoft Shared\Windows Live;D:\WAMP\wamp64\bin\mysql\mysql5.7.14/bin;D:\apache-maven-3.5.2-bin\apache-maven-3.5.2\bin;D:\PHP\php-5.6.34-Win32-VC11-x64\ext;C:\Users\Administrator\AppData\Roaming\Composer\vendor\bin;.]
2018-10-18 21:54:02.407 [localhost-startStop-1] INFO  o.a.c.core.ContainerBase.[Tomcat].[localhost].[/] -
				Initializing Spring embedded WebApplicationContext
2018-10-18 21:54:02.408 [localhost-startStop-1] INFO  org.springframework.web.context.ContextLoader -
				Root WebApplicationContext: initialization completed in 2146 ms
2018-10-18 21:54:02.556 [localhost-startStop-1] INFO  o.s.boot.web.servlet.ServletRegistrationBean -
				Servlet dispatcherServlet mapped to [/]
2018-10-18 21:54:02.566 [localhost-startStop-1] INFO  o.s.boot.web.servlet.FilterRegistrationBean -
				Mapping filter: 'characterEncodingFilter' to: [/*]
2018-10-18 21:54:02.568 [localhost-startStop-1] INFO  o.s.boot.web.servlet.FilterRegistrationBean -
				Mapping filter: 'hiddenHttpMethodFilter' to: [/*]
2018-10-18 21:54:02.568 [localhost-startStop-1] INFO  o.s.boot.web.servlet.FilterRegistrationBean -
				Mapping filter: 'httpPutFormContentFilter' to: [/*]
2018-10-18 21:54:02.568 [localhost-startStop-1] INFO  o.s.boot.web.servlet.FilterRegistrationBean -
				Mapping filter: 'requestContextFilter' to: [/*]
2018-10-18 21:54:02.984 [restartedMain] INFO  o.s.web.servlet.handler.SimpleUrlHandlerMapping -
				Mapped URL path [/**/favicon.ico] onto handler of type [class org.springframework.web.servlet.resource.ResourceHttpRequestHandler]
2018-10-18 21:54:03.313 [restartedMain] INFO  o.s.w.s.m.m.annotation.RequestMappingHandlerAdapter -
				Looking for @ControllerAdvice: org.springframework.boot.web.servlet.context.AnnotationConfigServletWebServerApplicationContext@1988552b: startup date [Thu Oct 18 21:54:00 CST 2018]; root of context hierarchy
2018-10-18 21:54:03.370 [restartedMain] INFO  o.s.w.s.m.m.annotation.RequestMappingHandlerMapping -
				Mapped "{[/fileDownLoad.action],methods=[GET]}" onto public org.springframework.http.ResponseEntity<byte[]> com.zhkj.demo.controller.DownLoadController.textFileDownload() throws java.lang.Exception
2018-10-18 21:54:03.371 [restartedMain] INFO  o.s.w.s.m.m.annotation.RequestMappingHandlerMapping -
				Mapped "{[/fileDownLoadScout.action],methods=[GET]}" onto public org.springframework.http.ResponseEntity<byte[]> com.zhkj.demo.controller.DownLoadController.textFileDownloadScout() throws java.lang.Exception
2018-10-18 21:54:03.371 [restartedMain] INFO  o.s.w.s.m.m.annotation.RequestMappingHandlerMapping -
				Mapped "{[/huoqu]}" onto public org.springframework.web.servlet.ModelAndView com.zhkj.demo.controller.huoquController.voteList()
2018-10-18 21:54:03.373 [restartedMain] INFO  o.s.w.s.m.m.annotation.RequestMappingHandlerMapping -
				Mapped "{[/showAnchor]}" onto public org.springframework.web.servlet.ModelAndView com.zhkj.demo.controller.showanchorlistController.anchorlist(int)
2018-10-18 21:54:03.374 [restartedMain] INFO  o.s.w.s.m.m.annotation.RequestMappingHandlerMapping -
				Mapped "{[/fileUpLoad.action]}" onto public org.springframework.http.ResponseEntity com.zhkj.demo.controller.UploadController.upLoadFile(org.springframework.web.multipart.MultipartFile) throws java.lang.IllegalStateException,java.io.IOException
2018-10-18 21:54:03.374 [restartedMain] INFO  o.s.w.s.m.m.annotation.RequestMappingHandlerMapping -
				Mapped "{[/fileUpLoadScout.action]}" onto public org.springframework.http.ResponseEntity com.zhkj.demo.controller.UploadController.upLoadFileScout(org.springframework.web.multipart.MultipartFile) throws java.lang.IllegalStateException,java.io.IOException
2018-10-18 21:54:03.375 [restartedMain] INFO  o.s.w.s.m.m.annotation.RequestMappingHandlerMapping -
				Mapped "{[/vote],methods=[POST]}" onto public java.util.Map com.zhkj.demo.controller.voteController.vnum(int)
2018-10-18 21:54:03.377 [restartedMain] INFO  o.s.w.s.m.m.annotation.RequestMappingHandlerMapping -
				Mapped "{[/error]}" onto public org.springframework.http.ResponseEntity<java.util.Map<java.lang.String, java.lang.Object>> org.springframework.boot.autoconfigure.web.servlet.error.BasicErrorController.error(javax.servlet.http.HttpServletRequest)
2018-10-18 21:54:03.378 [restartedMain] INFO  o.s.w.s.m.m.annotation.RequestMappingHandlerMapping -
				Mapped "{[/error],produces=[text/html]}" onto public org.springframework.web.servlet.ModelAndView org.springframework.boot.autoconfigure.web.servlet.error.BasicErrorController.errorHtml(javax.servlet.http.HttpServletRequest,javax.servlet.http.HttpServletResponse)
2018-10-18 21:54:03.389 [restartedMain] INFO  o.s.web.servlet.handler.SimpleUrlHandlerMapping -
				Root mapping to handler of type [class org.springframework.web.servlet.mvc.ParameterizableViewController]
2018-10-18 21:54:03.404 [restartedMain] INFO  o.s.web.servlet.handler.SimpleUrlHandlerMapping -
				Mapped URL path [/webjars/**] onto handler of type [class org.springframework.web.servlet.resource.ResourceHttpRequestHandler]
2018-10-18 21:54:03.404 [restartedMain] INFO  o.s.web.servlet.handler.SimpleUrlHandlerMapping -
				Mapped URL path [/**] onto handler of type [class org.springframework.web.servlet.resource.ResourceHttpRequestHandler]
2018-10-18 21:54:03.513 [restartedMain] INFO  o.s.b.a.web.servlet.WelcomePageHandlerMapping -
				Adding welcome page: class path resource [static/index.html]
2018-10-18 21:54:03.800 [restartedMain] INFO  o.s.b.devtools.autoconfigure.OptionalLiveReloadServer -
				LiveReload server is running on port 35729
2018-10-18 21:54:03.834 [restartedMain] INFO  o.s.jmx.export.annotation.AnnotationMBeanExporter -
				Registering beans for JMX exposure on startup
2018-10-18 21:54:03.835 [restartedMain] INFO  o.s.jmx.export.annotation.AnnotationMBeanExporter -
				Bean with name 'dataSource' has been autodetected for JMX exposure
2018-10-18 21:54:03.841 [restartedMain] INFO  o.s.jmx.export.annotation.AnnotationMBeanExporter -
				Located MBean 'dataSource': registering with JMX server as MBean [com.alibaba.druid.pool:name=dataSource,type=DruidDataSource]
2018-10-18 21:54:03.855 [restartedMain] INFO  org.apache.coyote.http11.Http11NioProtocol -
				Starting ProtocolHandler ["http-nio-8000"]
2018-10-18 21:54:03.865 [restartedMain] INFO  org.apache.tomcat.util.net.NioSelectorPool -
				Using a shared selector for servlet write/read
2018-10-18 21:54:03.881 [restartedMain] INFO  o.s.boot.web.embedded.tomcat.TomcatWebServer -
				Tomcat started on port(s): 8000 (http) with context path ''
2018-10-18 21:54:03.886 [restartedMain] INFO  com.zhkj.demo.DemoApplication -
				Started DemoApplication in 6.291 seconds (JVM running for 8.362)
2018-10-18 21:54:29.188 [restartedMain] INFO  com.zhkj.demo.DemoApplication -
				Starting DemoApplication on LZZVGF61NJPE8MA with PID 9632 (D:\idea_workspace\zhkj102\ZHKJ102\target\classes started by æ®‹å¤œ in D:\idea_workspace\zhkj102\ZHKJ102)
2018-10-18 21:54:29.190 [restartedMain] INFO  com.zhkj.demo.DemoApplication -
				No active profile set, falling back to default profiles: default
2018-10-18 21:54:29.316 [restartedMain] INFO  o.s.b.w.s.c.AnnotationConfigServletWebServerApplicationContext -
				Refreshing org.springframework.boot.web.servlet.context.AnnotationConfigServletWebServerApplicationContext@533cf530: startup date [Thu Oct 18 21:54:29 CST 2018]; root of context hierarchy
2018-10-18 21:54:30.342 [restartedMain] WARN  org.mybatis.spring.mapper.ClassPathMapperScanner -
				No MyBatis mapper was found in '[com.zhkj.demo]' package. Please check your configuration.
2018-10-18 21:54:30.523 [restartedMain] WARN  o.s.context.annotation.ConfigurationClassPostProcessor -
				Cannot enhance @Configuration bean definition 'myBatisMapperScannerConfig' since its singleton instance has been created too early. The typical cause is a non-static @Bean method with a BeanDefinitionRegistryPostProcessor return type: Consider declaring such methods as 'static'.
2018-10-18 21:54:32.245 [restartedMain] INFO  o.s.boot.web.embedded.tomcat.TomcatWebServer -
				Tomcat initialized with port(s): 8000 (http)
2018-10-18 21:54:32.262 [restartedMain] INFO  org.apache.coyote.http11.Http11NioProtocol -
				Initializing ProtocolHandler ["http-nio-8000"]
2018-10-18 21:54:32.275 [restartedMain] INFO  org.apache.catalina.core.StandardService -
				Starting service [Tomcat]
2018-10-18 21:54:32.276 [restartedMain] INFO  org.apache.catalina.core.StandardEngine -
				Starting Servlet Engine: Apache Tomcat/8.5.34
2018-10-18 21:54:32.280 [localhost-startStop-1] INFO  org.apache.catalina.core.AprLifecycleListener -
				The APR based Apache Tomcat Native library which allows optimal performance in production environments was not found on the java.library.path: [D:\JDK\bin;C:\Windows\Sun\Java\bin;C:\Windows\system32;C:\Windows;D:\Android\sdk\tools\platform-tools;D:\JDK\bin;D:\oracle\app\oracle\product\10.2.0\server\bin;C:\Program Files\WIDCOMM\Bluetooth Software\;C:\Program Files\WIDCOMM\Bluetooth Software\syswow64;;C:\Windows\system32;C:\Windows;C:\Windows\system32\wbem;D:\WAMP\wamp64\bin\php\php5.6.31;C:\ProgramData\ComposerSetup\bin;C:\Program Files\Common Files\Microsoft Shared\Windows Live;D:\WAMP\wamp64\bin\mysql\mysql5.7.14/bin;D:\apache-maven-3.5.2-bin\apache-maven-3.5.2\bin;D:\PHP\php-5.6.34-Win32-VC11-x64\ext;C:\Users\Administrator\AppData\Roaming\Composer\vendor\bin;.]
2018-10-18 21:54:32.406 [localhost-startStop-1] INFO  o.a.c.core.ContainerBase.[Tomcat].[localhost].[/] -
				Initializing Spring embedded WebApplicationContext
2018-10-18 21:54:32.406 [localhost-startStop-1] INFO  org.springframework.web.context.ContextLoader -
				Root WebApplicationContext: initialization completed in 3090 ms
2018-10-18 21:54:32.495 [localhost-startStop-1] INFO  o.s.boot.web.servlet.ServletRegistrationBean -
				Servlet dispatcherServlet mapped to [/]
2018-10-18 21:54:32.502 [localhost-startStop-1] INFO  o.s.boot.web.servlet.FilterRegistrationBean -
				Mapping filter: 'characterEncodingFilter' to: [/*]
2018-10-18 21:54:32.503 [localhost-startStop-1] INFO  o.s.boot.web.servlet.FilterRegistrationBean -
				Mapping filter: 'hiddenHttpMethodFilter' to: [/*]
2018-10-18 21:54:32.503 [localhost-startStop-1] INFO  o.s.boot.web.servlet.FilterRegistrationBean -
				Mapping filter: 'httpPutFormContentFilter' to: [/*]
2018-10-18 21:54:32.503 [localhost-startStop-1] INFO  o.s.boot.web.servlet.FilterRegistrationBean -
				Mapping filter: 'requestContextFilter' to: [/*]
2018-10-18 21:54:32.891 [restartedMain] INFO  o.s.web.servlet.handler.SimpleUrlHandlerMapping -
				Mapped URL path [/**/favicon.ico] onto handler of type [class org.springframework.web.servlet.resource.ResourceHttpRequestHandler]
2018-10-18 21:54:33.230 [restartedMain] INFO  o.s.w.s.m.m.annotation.RequestMappingHandlerAdapter -
				Looking for @ControllerAdvice: org.springframework.boot.web.servlet.context.AnnotationConfigServletWebServerApplicationContext@533cf530: startup date [Thu Oct 18 21:54:29 CST 2018]; root of context hierarchy
2018-10-18 21:54:33.287 [restartedMain] INFO  o.s.w.s.m.m.annotation.RequestMappingHandlerMapping -
				Mapped "{[/fileDownLoad.action],methods=[GET]}" onto public org.springframework.http.ResponseEntity<byte[]> com.zhkj.demo.controller.DownLoadController.textFileDownload() throws java.lang.Exception
2018-10-18 21:54:33.288 [restartedMain] INFO  o.s.w.s.m.m.annotation.RequestMappingHandlerMapping -
				Mapped "{[/fileDownLoadScout.action],methods=[GET]}" onto public org.springframework.http.ResponseEntity<byte[]> com.zhkj.demo.controller.DownLoadController.textFileDownloadScout() throws java.lang.Exception
2018-10-18 21:54:33.289 [restartedMain] INFO  o.s.w.s.m.m.annotation.RequestMappingHandlerMapping -
				Mapped "{[/huoqu]}" onto public org.springframework.web.servlet.ModelAndView com.zhkj.demo.controller.huoquController.voteList()
2018-10-18 21:54:33.292 [restartedMain] INFO  o.s.w.s.m.m.annotation.RequestMappingHandlerMapping -
				Mapped "{[/showAnchor]}" onto public org.springframework.web.servlet.ModelAndView com.zhkj.demo.controller.showanchorlistController.anchorlist(int)
2018-10-18 21:54:33.293 [restartedMain] INFO  o.s.w.s.m.m.annotation.RequestMappingHandlerMapping -
				Mapped "{[/fileUpLoad.action]}" onto public org.springframework.http.ResponseEntity com.zhkj.demo.controller.UploadController.upLoadFile(org.springframework.web.multipart.MultipartFile) throws java.lang.IllegalStateException,java.io.IOException
2018-10-18 21:54:33.293 [restartedMain] INFO  o.s.w.s.m.m.annotation.RequestMappingHandlerMapping -
				Mapped "{[/fileUpLoadScout.action]}" onto public org.springframework.http.ResponseEntity com.zhkj.demo.controller.UploadController.upLoadFileScout(org.springframework.web.multipart.MultipartFile) throws java.lang.IllegalStateException,java.io.IOException
2018-10-18 21:54:33.294 [restartedMain] INFO  o.s.w.s.m.m.annotation.RequestMappingHandlerMapping -
				Mapped "{[/vote],methods=[POST]}" onto public java.util.Map com.zhkj.demo.controller.voteController.vnum(int)
2018-10-18 21:54:33.298 [restartedMain] INFO  o.s.w.s.m.m.annotation.RequestMappingHandlerMapping -
				Mapped "{[/error]}" onto public org.springframework.http.ResponseEntity<java.util.Map<java.lang.String, java.lang.Object>> org.springframework.boot.autoconfigure.web.servlet.error.BasicErrorController.error(javax.servlet.http.HttpServletRequest)
2018-10-18 21:54:33.299 [restartedMain] INFO  o.s.w.s.m.m.annotation.RequestMappingHandlerMapping -
				Mapped "{[/error],produces=[text/html]}" onto public org.springframework.web.servlet.ModelAndView org.springframework.boot.autoconfigure.web.servlet.error.BasicErrorController.errorHtml(javax.servlet.http.HttpServletRequest,javax.servlet.http.HttpServletResponse)
2018-10-18 21:54:33.310 [restartedMain] INFO  o.s.web.servlet.handler.SimpleUrlHandlerMapping -
				Root mapping to handler of type [class org.springframework.web.servlet.mvc.ParameterizableViewController]
2018-10-18 21:54:33.325 [restartedMain] INFO  o.s.web.servlet.handler.SimpleUrlHandlerMapping -
				Mapped URL path [/webjars/**] onto handler of type [class org.springframework.web.servlet.resource.ResourceHttpRequestHandler]
2018-10-18 21:54:33.325 [restartedMain] INFO  o.s.web.servlet.handler.SimpleUrlHandlerMapping -
				Mapped URL path [/**] onto handler of type [class org.springframework.web.servlet.resource.ResourceHttpRequestHandler]
2018-10-18 21:54:33.438 [restartedMain] INFO  o.s.b.a.web.servlet.WelcomePageHandlerMapping -
				Adding welcome page: class path resource [static/index.html]
2018-10-18 21:54:33.764 [restartedMain] INFO  o.s.b.devtools.autoconfigure.OptionalLiveReloadServer -
				LiveReload server is running on port 35729
2018-10-18 21:54:33.801 [restartedMain] INFO  o.s.jmx.export.annotation.AnnotationMBeanExporter -
				Registering beans for JMX exposure on startup
2018-10-18 21:54:33.802 [restartedMain] INFO  o.s.jmx.export.annotation.AnnotationMBeanExporter -
				Bean with name 'dataSource' has been autodetected for JMX exposure
2018-10-18 21:54:33.808 [restartedMain] INFO  o.s.jmx.export.annotation.AnnotationMBeanExporter -
				Located MBean 'dataSource': registering with JMX server as MBean [com.alibaba.druid.pool:name=dataSource,type=DruidDataSource]
2018-10-18 21:54:33.821 [restartedMain] INFO  org.apache.coyote.http11.Http11NioProtocol -
				Starting ProtocolHandler ["http-nio-8000"]
2018-10-18 21:54:33.832 [restartedMain] INFO  org.apache.tomcat.util.net.NioSelectorPool -
				Using a shared selector for servlet write/read
2018-10-18 21:54:33.850 [restartedMain] INFO  o.s.boot.web.embedded.tomcat.TomcatWebServer -
				Tomcat started on port(s): 8000 (http) with context path ''
2018-10-18 21:54:33.855 [restartedMain] INFO  com.zhkj.demo.DemoApplication -
				Started DemoApplication in 5.2 seconds (JVM running for 6.469)
2018-10-18 21:55:02.177 [http-nio-8000-exec-1] INFO  o.a.c.core.ContainerBase.[Tomcat].[localhost].[/] -
				Initializing Spring FrameworkServlet 'dispatcherServlet'
2018-10-18 21:55:02.178 [http-nio-8000-exec-1] INFO  org.springframework.web.servlet.DispatcherServlet -
				FrameworkServlet 'dispatcherServlet': initialization started
2018-10-18 21:55:02.223 [http-nio-8000-exec-1] INFO  org.springframework.web.servlet.DispatcherServlet -
				FrameworkServlet 'dispatcherServlet': initialization completed in 45 ms
2018-10-18 21:55:22.485 [Thread-17] INFO  o.s.b.w.s.c.AnnotationConfigServletWebServerApplicationContext -
				Closing org.springframework.boot.web.servlet.context.AnnotationConfigServletWebServerApplicationContext@533cf530: startup date [Thu Oct 18 21:54:29 CST 2018]; root of context hierarchy
2018-10-18 21:55:22.489 [Thread-17] INFO  o.s.jmx.export.annotation.AnnotationMBeanExporter -
				Unregistering JMX-exposed beans on shutdown
2018-10-18 21:55:22.490 [Thread-17] INFO  o.s.jmx.export.annotation.AnnotationMBeanExporter -
				Unregistering JMX-exposed beans
